<?xml version="1.0" encoding="UTF-8"?>
<!-- Generated by org.testng.reporters.JUnitReportReporter -->
<testsuite hostname="LAPTOP-C66MPFJL" failures="0" tests="4" name="testcases.LoginTest" time="46.074" errors="0" timestamp="2022-03-13T09:31:29 IST" skipped="0">
  <testcase classname="testcases.LoginTest" name="ParameterizedTest" time="10.420"/>
  <system-out/>
  <testcase classname="testcases.LoginTest" name="LoginSuccessTest" time="10.002"/>
  <system-out/>
  <testcase classname="testcases.LoginTest" name="ExternalDataTest" time="12.243"/>
  <system-out/>
  <testcase classname="testcases.LoginTest" name="LoginFailiureTest" time="13.409"/>
  <system-out/>
</testsuite> <!-- testcases.LoginTest -->
