<?xml version="1.0" encoding="UTF-8"?>
<!-- Generated by org.testng.reporters.JUnitReportReporter -->
<testsuite hostname="LAPTOP-C66MPFJL" failures="0" tests="4" name="testcases.LoginTest" time="47.814" errors="0" timestamp="2022-03-19T09:40:56 IST" skipped="0">
  <testcase classname="testcases.LoginTest" name="LoginFailiureTest" time="11.840"/>
  <system-out/>
  <testcase classname="testcases.LoginTest" name="LoginSuccessTest" time="11.188"/>
  <system-out/>
  <testcase classname="testcases.LoginTest" name="ParameterizedTest" time="11.108"/>
  <system-out/>
  <testcase classname="testcases.LoginTest" name="ExternalDataTest" time="13.678"/>
  <system-out/>
</testsuite> <!-- testcases.LoginTest -->
